{"/home/pablorm/Documentos/CleanCode/Day4/GildedRose-Refactoring-Kata/js-jest/src/constants.js": {"path":"/home/pablorm/Documentos/CleanCode/Day4/GildedRose-Refactoring-Kata/js-jest/src/constants.js","statementMap":{"0":{"start":{"line":3,"column":24},"end":{"line":3,"column":54}},"1":{"start":{"line":4,"column":14},"end":{"line":4,"column":72}},"2":{"start":{"line":6,"column":20},"end":{"line":6,"column":21}},"3":{"start":{"line":7,"column":20},"end":{"line":7,"column":22}},"4":{"start":{"line":8,"column":19},"end":{"line":8,"column":20}},"5":{"start":{"line":12,"column":28},"end":{"line":12,"column":30}},"6":{"start":{"line":13,"column":27},"end":{"line":13,"column":28}},"7":{"start":{"line":17,"column":0},"end":{"line":25,"column":2}}},"fnMap":{},"branchMap":{},"s":{"0":1,"1":1,"2":1,"3":1,"4":1,"5":1,"6":1,"7":1},"f":{},"b":{},"_coverageSchema":"43e27e138ebf9cfc5966b082cf9a028302ed4184","hash":"3da5b471dff3d3b34bcb4c71ab015130a20800d7"}
,"/home/pablorm/Documentos/CleanCode/Day4/GildedRose-Refactoring-Kata/js-jest/src/gilded_rose.js": {"path":"/home/pablorm/Documentos/CleanCode/Day4/GildedRose-Refactoring-Kata/js-jest/src/gilded_rose.js","statementMap":{"0":{"start":{"line":1,"column":28},"end":{"line":1,"column":53}},"1":{"start":{"line":2,"column":39},"end":{"line":2,"column":68}},"2":{"start":{"line":6,"column":4},"end":{"line":6,"column":21}},"3":{"start":{"line":7,"column":4},"end":{"line":7,"column":25}},"4":{"start":{"line":8,"column":4},"end":{"line":8,"column":27}},"5":{"start":{"line":14,"column":4},"end":{"line":14,"column":23}},"6":{"start":{"line":18,"column":4},"end":{"line":25,"column":7}},"7":{"start":{"line":19,"column":6},"end":{"line":19,"column":59}},"8":{"start":{"line":19,"column":47},"end":{"line":19,"column":59}},"9":{"start":{"line":20,"column":6},"end":{"line":20,"column":23}},"10":{"start":{"line":21,"column":6},"end":{"line":23,"column":51}},"11":{"start":{"line":24,"column":6},"end":{"line":24,"column":18}},"12":{"start":{"line":26,"column":4},"end":{"line":26,"column":22}},"13":{"start":{"line":30,"column":0},"end":{"line":33,"column":2}}},"fnMap":{"0":{"name":"(anonymous_0)","decl":{"start":{"line":5,"column":2},"end":{"line":5,"column":3}},"loc":{"start":{"line":5,"column":37},"end":{"line":9,"column":3}},"line":5},"1":{"name":"(anonymous_1)","decl":{"start":{"line":13,"column":2},"end":{"line":13,"column":3}},"loc":{"start":{"line":13,"column":26},"end":{"line":15,"column":3}},"line":13},"2":{"name":"(anonymous_2)","decl":{"start":{"line":17,"column":2},"end":{"line":17,"column":3}},"loc":{"start":{"line":17,"column":18},"end":{"line":27,"column":3}},"line":17},"3":{"name":"(anonymous_3)","decl":{"start":{"line":18,"column":32},"end":{"line":18,"column":33}},"loc":{"start":{"line":18,"column":42},"end":{"line":25,"column":5}},"line":18}},"branchMap":{"0":{"loc":{"start":{"line":13,"column":14},"end":{"line":13,"column":24}},"type":"default-arg","locations":[{"start":{"line":13,"column":22},"end":{"line":13,"column":24}}],"line":13},"1":{"loc":{"start":{"line":19,"column":6},"end":{"line":19,"column":59}},"type":"if","locations":[{"start":{"line":19,"column":6},"end":{"line":19,"column":59}},{"start":{"line":19,"column":6},"end":{"line":19,"column":59}}],"line":19},"2":{"loc":{"start":{"line":21,"column":21},"end":{"line":23,"column":50}},"type":"cond-expr","locations":[{"start":{"line":22,"column":10},"end":{"line":22,"column":53}},{"start":{"line":23,"column":10},"end":{"line":23,"column":50}}],"line":21}},"s":{"0":1,"1":1,"2":5,"3":5,"4":5,"5":5,"6":5,"7":5,"8":1,"9":4,"10":4,"11":4,"12":5,"13":1},"f":{"0":5,"1":5,"2":5,"3":5},"b":{"0":[0],"1":[1,4],"2":[2,2]},"_coverageSchema":"43e27e138ebf9cfc5966b082cf9a028302ed4184","hash":"5716bdd39e60718bced2dba8c3e061a95c3eba1c"}
,"/home/pablorm/Documentos/CleanCode/Day4/GildedRose-Refactoring-Kata/js-jest/src/update_mapper.js": {"path":"/home/pablorm/Documentos/CleanCode/Day4/GildedRose-Refactoring-Kata/js-jest/src/update_mapper.js","statementMap":{"0":{"start":{"line":7,"column":4},"end":{"line":7,"column":29}},"1":{"start":{"line":10,"column":35},"end":{"line":32,"column":1}},"2":{"start":{"line":12,"column":4},"end":{"line":12,"column":57}},"3":{"start":{"line":12,"column":37},"end":{"line":12,"column":57}},"4":{"start":{"line":13,"column":4},"end":{"line":13,"column":67}},"5":{"start":{"line":14,"column":4},"end":{"line":14,"column":55}},"6":{"start":{"line":14,"column":36},"end":{"line":14,"column":55}},"7":{"start":{"line":15,"column":4},"end":{"line":15,"column":22}},"8":{"start":{"line":18,"column":4},"end":{"line":18,"column":57}},"9":{"start":{"line":18,"column":37},"end":{"line":18,"column":57}},"10":{"start":{"line":19,"column":4},"end":{"line":19,"column":53}},"11":{"start":{"line":19,"column":34},"end":{"line":19,"column":53}},"12":{"start":{"line":20,"column":4},"end":{"line":21,"column":77}},"13":{"start":{"line":21,"column":6},"end":{"line":21,"column":77}},"14":{"start":{"line":22,"column":4},"end":{"line":23,"column":77}},"15":{"start":{"line":23,"column":6},"end":{"line":23,"column":77}},"16":{"start":{"line":24,"column":4},"end":{"line":24,"column":28}},"17":{"start":{"line":27,"column":4},"end":{"line":27,"column":57}},"18":{"start":{"line":27,"column":37},"end":{"line":27,"column":57}},"19":{"start":{"line":28,"column":4},"end":{"line":28,"column":67}},"20":{"start":{"line":29,"column":4},"end":{"line":29,"column":54}},"21":{"start":{"line":29,"column":35},"end":{"line":29,"column":54}},"22":{"start":{"line":30,"column":4},"end":{"line":30,"column":22}},"23":{"start":{"line":34,"column":0},"end":{"line":36,"column":2}}},"fnMap":{"0":{"name":"(anonymous_0)","decl":{"start":{"line":11,"column":15},"end":{"line":11,"column":16}},"loc":{"start":{"line":11,"column":25},"end":{"line":16,"column":3}},"line":11},"1":{"name":"(anonymous_1)","decl":{"start":{"line":17,"column":47},"end":{"line":17,"column":48}},"loc":{"start":{"line":17,"column":57},"end":{"line":25,"column":3}},"line":17},"2":{"name":"(anonymous_2)","decl":{"start":{"line":26,"column":11},"end":{"line":26,"column":12}},"loc":{"start":{"line":26,"column":21},"end":{"line":31,"column":3}},"line":26}},"branchMap":{"0":{"loc":{"start":{"line":12,"column":4},"end":{"line":12,"column":57}},"type":"if","locations":[{"start":{"line":12,"column":4},"end":{"line":12,"column":57}},{"start":{"line":12,"column":4},"end":{"line":12,"column":57}}],"line":12},"1":{"loc":{"start":{"line":13,"column":33},"end":{"line":13,"column":65}},"type":"cond-expr","locations":[{"start":{"line":13,"column":60},"end":{"line":13,"column":61}},{"start":{"line":13,"column":64},"end":{"line":13,"column":65}}],"line":13},"2":{"loc":{"start":{"line":14,"column":4},"end":{"line":14,"column":55}},"type":"if","locations":[{"start":{"line":14,"column":4},"end":{"line":14,"column":55}},{"start":{"line":14,"column":4},"end":{"line":14,"column":55}}],"line":14},"3":{"loc":{"start":{"line":18,"column":4},"end":{"line":18,"column":57}},"type":"if","locations":[{"start":{"line":18,"column":4},"end":{"line":18,"column":57}},{"start":{"line":18,"column":4},"end":{"line":18,"column":57}}],"line":18},"4":{"loc":{"start":{"line":19,"column":4},"end":{"line":19,"column":53}},"type":"if","locations":[{"start":{"line":19,"column":4},"end":{"line":19,"column":53}},{"start":{"line":19,"column":4},"end":{"line":19,"column":53}}],"line":19},"5":{"loc":{"start":{"line":20,"column":4},"end":{"line":21,"column":77}},"type":"if","locations":[{"start":{"line":20,"column":4},"end":{"line":21,"column":77}},{"start":{"line":20,"column":4},"end":{"line":21,"column":77}}],"line":20},"6":{"loc":{"start":{"line":21,"column":13},"end":{"line":21,"column":76}},"type":"cond-expr","locations":[{"start":{"line":21,"column":46},"end":{"line":21,"column":57}},{"start":{"line":21,"column":60},"end":{"line":21,"column":76}}],"line":21},"7":{"loc":{"start":{"line":22,"column":4},"end":{"line":23,"column":77}},"type":"if","locations":[{"start":{"line":22,"column":4},"end":{"line":23,"column":77}},{"start":{"line":22,"column":4},"end":{"line":23,"column":77}}],"line":22},"8":{"loc":{"start":{"line":23,"column":13},"end":{"line":23,"column":76}},"type":"cond-expr","locations":[{"start":{"line":23,"column":46},"end":{"line":23,"column":57}},{"start":{"line":23,"column":60},"end":{"line":23,"column":76}}],"line":23},"9":{"loc":{"start":{"line":27,"column":4},"end":{"line":27,"column":57}},"type":"if","locations":[{"start":{"line":27,"column":4},"end":{"line":27,"column":57}},{"start":{"line":27,"column":4},"end":{"line":27,"column":57}}],"line":27},"10":{"loc":{"start":{"line":28,"column":33},"end":{"line":28,"column":65}},"type":"cond-expr","locations":[{"start":{"line":28,"column":60},"end":{"line":28,"column":61}},{"start":{"line":28,"column":64},"end":{"line":28,"column":65}}],"line":28},"11":{"loc":{"start":{"line":29,"column":4},"end":{"line":29,"column":54}},"type":"if","locations":[{"start":{"line":29,"column":4},"end":{"line":29,"column":54}},{"start":{"line":29,"column":4},"end":{"line":29,"column":54}}],"line":29}},"s":{"0":1,"1":1,"2":1,"3":0,"4":1,"5":1,"6":0,"7":1,"8":1,"9":0,"10":1,"11":0,"12":1,"13":0,"14":1,"15":1,"16":0,"17":2,"18":1,"19":1,"20":1,"21":1,"22":0,"23":1},"f":{"0":1,"1":1,"2":2},"b":{"0":[0,1],"1":[0,1],"2":[0,1],"3":[0,1],"4":[0,1],"5":[0,1],"6":[0,0],"7":[1,0],"8":[0,1],"9":[1,1],"10":[0,1],"11":[1,0]},"_coverageSchema":"43e27e138ebf9cfc5966b082cf9a028302ed4184","hash":"6b18bfd262e9144b93f3afcc5a1e71dcbc98434c"}
}
