TN:
SF:/home/pablorm/Documentos/CleanCode/Day4/GildedRose-Refactoring-Kata/js-jest/src/constants.js
FNF:0
FNH:0
DA:3,1
DA:4,1
DA:6,1
DA:7,1
DA:8,1
DA:12,1
DA:13,1
DA:17,1
LF:8
LH:8
BRF:0
BRH:0
end_of_record
TN:
SF:/home/pablorm/Documentos/CleanCode/Day4/GildedRose-Refactoring-Kata/js-jest/src/gilded_rose.js
FN:5,(anonymous_0)
FN:13,(anonymous_1)
FN:17,(anonymous_2)
FN:18,(anonymous_3)
FNF:4
FNH:4
FNDA:5,(anonymous_0)
FNDA:5,(anonymous_1)
FNDA:5,(anonymous_2)
FNDA:5,(anonymous_3)
DA:1,1
DA:2,1
DA:6,5
DA:7,5
DA:8,5
DA:14,5
DA:18,5
DA:19,5
DA:20,4
DA:21,4
DA:24,4
DA:26,5
DA:30,1
LF:13
LH:13
BRDA:13,0,0,0
BRDA:19,1,0,1
BRDA:19,1,1,4
BRDA:21,2,0,2
BRDA:21,2,1,2
BRF:5
BRH:4
end_of_record
TN:
SF:/home/pablorm/Documentos/CleanCode/Day4/GildedRose-Refactoring-Kata/js-jest/src/update_mapper.js
FN:11,(anonymous_0)
FN:17,(anonymous_1)
FN:26,(anonymous_2)
FNF:3
FNH:3
FNDA:1,(anonymous_0)
FNDA:1,(anonymous_1)
FNDA:2,(anonymous_2)
DA:7,1
DA:10,1
DA:12,1
DA:13,1
DA:14,1
DA:15,1
DA:18,1
DA:19,1
DA:20,1
DA:21,0
DA:22,1
DA:23,1
DA:24,0
DA:27,2
DA:28,1
DA:29,1
DA:30,0
DA:34,1
LF:18
LH:15
BRDA:12,0,0,0
BRDA:12,0,1,1
BRDA:13,1,0,0
BRDA:13,1,1,1
BRDA:14,2,0,0
BRDA:14,2,1,1
BRDA:18,3,0,0
BRDA:18,3,1,1
BRDA:19,4,0,0
BRDA:19,4,1,1
BRDA:20,5,0,0
BRDA:20,5,1,1
BRDA:21,6,0,0
BRDA:21,6,1,0
BRDA:22,7,0,1
BRDA:22,7,1,0
BRDA:23,8,0,0
BRDA:23,8,1,1
BRDA:27,9,0,1
BRDA:27,9,1,1
BRDA:28,10,0,0
BRDA:28,10,1,1
BRDA:29,11,0,1
BRDA:29,11,1,0
BRF:24
BRH:12
end_of_record
